{"C:\\Users\\timok\\Documents\\projektit\\React-Typescript\\server\\index.ts": {"path":"C:\\Users\\timok\\Documents\\projektit\\React-Typescript\\server\\index.ts","statementMap":{"0":{"start":{"line":1,"column":0},"end":{"line":1,"column":32}},"1":{"start":{"line":2,"column":0},"end":{"line":2,"column":69}},"2":{"start":{"line":3,"column":0},"end":{"line":3,"column":29}},"3":{"start":{"line":6,"column":13},"end":{"line":6,"column":37}},"4":{"start":{"line":8,"column":13},"end":{"line":8,"column":59}},"5":{"start":{"line":15,"column":0},"end":{"line":29,"column":36}},"6":{"start":{"line":18,"column":4},"end":{"line":20,"column":7}},"7":{"start":{"line":19,"column":6},"end":{"line":19,"column":42}},"8":{"start":{"line":22,"column":4},"end":{"line":27,"column":7}},"9":{"start":{"line":23,"column":6},"end":{"line":23,"column":47}},"10":{"start":{"line":26,"column":6},"end":{"line":26,"column":29}},"11":{"start":{"line":29,"column":18},"end":{"line":29,"column":35}}},"fnMap":{"0":{"name":"(anonymous_1)","decl":{"start":{"line":17,"column":8},"end":{"line":17,"column":null}},"loc":{"start":{"line":17,"column":8},"end":{"line":28,"column":3}}},"1":{"name":"(anonymous_2)","decl":{"start":{"line":18,"column":33},"end":{"line":18,"column":null}},"loc":{"start":{"line":18,"column":33},"end":{"line":20,"column":5}}},"2":{"name":"(anonymous_3)","decl":{"start":{"line":22,"column":30},"end":{"line":22,"column":null}},"loc":{"start":{"line":22,"column":30},"end":{"line":27,"column":5}}},"3":{"name":"(anonymous_4)","decl":{"start":{"line":29,"column":9},"end":{"line":29,"column":10}},"loc":{"start":{"line":29,"column":13},"end":{"line":29,"column":25}}}},"branchMap":{"0":{"loc":{"start":{"line":6,"column":13},"end":{"line":6,"column":29}},"type":"binary-expr","locations":[{"start":{"line":6,"column":13},"end":{"line":6,"column":29}},{"start":{"line":6,"column":33},"end":{"line":6,"column":37}}]}},"s":{"0":5,"1":5,"2":5,"3":5,"4":5,"5":5,"6":5,"7":0,"8":5,"9":5,"10":5,"11":0},"f":{"0":5,"1":0,"2":5,"3":0},"b":{"0":[5,5]}}
,"C:\\Users\\timok\\Documents\\projektit\\React-Typescript\\server\\src\\app.ts": {"path":"C:\\Users\\timok\\Documents\\projektit\\React-Typescript\\server\\src\\app.ts","statementMap":{"0":{"start":{"line":1,"column":0},"end":{"line":1,"column":30}},"1":{"start":{"line":2,"column":0},"end":{"line":2,"column":55}},"2":{"start":{"line":3,"column":0},"end":{"line":3,"column":49}},"3":{"start":{"line":4,"column":0},"end":{"line":4,"column":47}},"4":{"start":{"line":6,"column":12},"end":{"line":6,"column":21}},"5":{"start":{"line":14,"column":9},"end":{"line":14,"column":12}},"6":{"start":{"line":10,"column":0},"end":{"line":10,"column":23}},"7":{"start":{"line":11,"column":0},"end":{"line":11,"column":22}},"8":{"start":{"line":12,"column":0},"end":{"line":12,"column":25}}},"fnMap":{},"branchMap":{},"s":{"0":5,"1":5,"2":5,"3":5,"4":5,"5":5,"6":5,"7":5,"8":5},"f":{},"b":{}}
,"C:\\Users\\timok\\Documents\\projektit\\React-Typescript\\server\\src\\models\\ProductDataFetcher.ts": {"path":"C:\\Users\\timok\\Documents\\projektit\\React-Typescript\\server\\src\\models\\ProductDataFetcher.ts","statementMap":{"0":{"start":{"line":1,"column":0},"end":{"line":1,"column":26}},"1":{"start":{"line":2,"column":0},"end":{"line":2,"column":null}},"2":{"start":{"line":12,"column":0},"end":{"line":12,"column":13}},"3":{"start":{"line":13,"column":10},"end":{"line":13,"column":38}},"4":{"start":{"line":14,"column":10},"end":{"line":14,"column":37}},"5":{"start":{"line":15,"column":10},"end":{"line":15,"column":42}},"6":{"start":{"line":16,"column":10},"end":{"line":16,"column":39}},"7":{"start":{"line":17,"column":10},"end":{"line":17,"column":58}},"8":{"start":{"line":18,"column":10},"end":{"line":18,"column":69}},"9":{"start":{"line":20,"column":2},"end":{"line":22,"column":4}},"10":{"start":{"line":21,"column":4},"end":{"line":21,"column":24}},"11":{"start":{"line":23,"column":2},"end":{"line":25,"column":4}},"12":{"start":{"line":24,"column":4},"end":{"line":24,"column":23}},"13":{"start":{"line":26,"column":2},"end":{"line":28,"column":4}},"14":{"start":{"line":27,"column":4},"end":{"line":27,"column":28}},"15":{"start":{"line":29,"column":2},"end":{"line":31,"column":4}},"16":{"start":{"line":30,"column":4},"end":{"line":30,"column":30}},"17":{"start":{"line":32,"column":2},"end":{"line":34,"column":4}},"18":{"start":{"line":33,"column":4},"end":{"line":33,"column":33}},"19":{"start":{"line":38,"column":2},"end":{"line":41,"column":4}},"20":{"start":{"line":38,"column":19},"end":{"line":41,"column":4}},"21":{"start":{"line":39,"column":4},"end":{"line":39,"column":39}},"22":{"start":{"line":40,"column":4},"end":{"line":40,"column":44}},"23":{"start":{"line":45,"column":2},"end":{"line":59,"column":4}},"24":{"start":{"line":45,"column":26},"end":{"line":59,"column":4}},"25":{"start":{"line":47,"column":6},"end":{"line":47,"column":11}},"26":{"start":{"line":47,"column":22},"end":{"line":49,"column":25}},"27":{"start":{"line":47,"column":6},"end":{"line":49,"column":26}},"28":{"start":{"line":50,"column":6},"end":{"line":50,"column":11}},"29":{"start":{"line":50,"column":21},"end":{"line":52,"column":25}},"30":{"start":{"line":50,"column":6},"end":{"line":52,"column":26}},"31":{"start":{"line":53,"column":6},"end":{"line":53,"column":11}},"32":{"start":{"line":53,"column":26},"end":{"line":55,"column":25}},"33":{"start":{"line":53,"column":6},"end":{"line":55,"column":26}},"34":{"start":{"line":57,"column":6},"end":{"line":57,"column":18}},"35":{"start":{"line":63,"column":2},"end":{"line":75,"column":4}},"36":{"start":{"line":63,"column":48},"end":{"line":75,"column":4}},"37":{"start":{"line":64,"column":8},"end":{"line":64,"column":33}},"38":{"start":{"line":66,"column":23},"end":{"line":68,"column":null}},"39":{"start":{"line":66,"column":12},"end":{"line":68,"column":null}},"40":{"start":{"line":70,"column":6},"end":{"line":70,"column":27}},"41":{"start":{"line":72,"column":6},"end":{"line":72,"column":25}},"42":{"start":{"line":74,"column":4},"end":{"line":74,"column":16}},"43":{"start":{"line":79,"column":2},"end":{"line":92,"column":4}},"44":{"start":{"line":79,"column":31},"end":{"line":92,"column":4}},"45":{"start":{"line":80,"column":4},"end":{"line":83,"column":null}},"46":{"start":{"line":80,"column":15},"end":{"line":80,"column":25}},"47":{"start":{"line":81,"column":6},"end":{"line":82,"column":53}},"48":{"start":{"line":82,"column":8},"end":{"line":82,"column":53}},"49":{"start":{"line":84,"column":4},"end":{"line":87,"column":null}},"50":{"start":{"line":84,"column":15},"end":{"line":84,"column":24}},"51":{"start":{"line":85,"column":6},"end":{"line":86,"column":52}},"52":{"start":{"line":86,"column":8},"end":{"line":86,"column":52}},"53":{"start":{"line":88,"column":4},"end":{"line":91,"column":null}},"54":{"start":{"line":88,"column":15},"end":{"line":88,"column":28}},"55":{"start":{"line":89,"column":6},"end":{"line":90,"column":56}},"56":{"start":{"line":90,"column":8},"end":{"line":90,"column":56}},"57":{"start":{"line":96,"column":2},"end":{"line":115,"column":4}},"58":{"start":{"line":96,"column":31},"end":{"line":115,"column":4}},"59":{"start":{"line":97,"column":4},"end":{"line":97,"column":44}},"60":{"start":{"line":99,"column":42},"end":{"line":99,"column":null}},"61":{"start":{"line":99,"column":24},"end":{"line":99,"column":null}},"62":{"start":{"line":99,"column":15},"end":{"line":99,"column":24}},"63":{"start":{"line":101,"column":21},"end":{"line":101,"column":null}},"64":{"start":{"line":101,"column":14},"end":{"line":101,"column":null}},"65":{"start":{"line":103,"column":8},"end":{"line":110,"column":null}},"66":{"start":{"line":104,"column":10},"end":{"line":109,"column":null}},"67":{"start":{"line":104,"column":21},"end":{"line":104,"column":28}},"68":{"start":{"line":105,"column":12},"end":{"line":108,"column":14}},"69":{"start":{"line":112,"column":8},"end":{"line":112,"column":76}},"70":{"start":{"line":124,"column":2},"end":{"line":146,"column":4}},"71":{"start":{"line":126,"column":4},"end":{"line":126,"column":null}},"72":{"start":{"line":131,"column":23},"end":{"line":134,"column":null}},"73":{"start":{"line":131,"column":12},"end":{"line":134,"column":null}},"74":{"start":{"line":135,"column":6},"end":{"line":135,"column":27}},"75":{"start":{"line":136,"column":6},"end":{"line":138,"column":null}},"76":{"start":{"line":137,"column":8},"end":{"line":137,"column":69}},"77":{"start":{"line":140,"column":6},"end":{"line":143,"column":8}},"78":{"start":{"line":145,"column":4},"end":{"line":145,"column":16}},"79":{"start":{"line":150,"column":2},"end":{"line":158,"column":4}},"80":{"start":{"line":151,"column":25},"end":{"line":153,"column":34}},"81":{"start":{"line":155,"column":4},"end":{"line":157,"column":6}},"82":{"start":{"line":162,"column":2},"end":{"line":174,"column":4}},"83":{"start":{"line":163,"column":37},"end":{"line":163,"column":39}},"84":{"start":{"line":165,"column":4},"end":{"line":171,"column":null}},"85":{"start":{"line":165,"column":26},"end":{"line":165,"column":34}},"86":{"start":{"line":165,"column":22},"end":{"line":165,"column":26}},"87":{"start":{"line":166,"column":6},"end":{"line":166,"column":73}},"88":{"start":{"line":167,"column":6},"end":{"line":170,"column":9}},"89":{"start":{"line":173,"column":4},"end":{"line":173,"column":23}},"90":{"start":{"line":175,"column":0},"end":{"line":175,"column":null}},"91":{"start":{"line":12,"column":13},"end":{"line":12,"column":31}}},"fnMap":{"0":{"name":"(anonymous_16)","decl":{"start":{"line":12,"column":0},"end":{"line":12,"column":13}},"loc":{"start":{"line":12,"column":0},"end":{"line":175,"column":null}}},"1":{"name":"(anonymous_18)","decl":{"start":{"line":20,"column":15},"end":{"line":20,"column":null}},"loc":{"start":{"line":20,"column":15},"end":{"line":22,"column":3}}},"2":{"name":"(anonymous_19)","decl":{"start":{"line":23,"column":14},"end":{"line":23,"column":null}},"loc":{"start":{"line":23,"column":14},"end":{"line":25,"column":3}}},"3":{"name":"(anonymous_20)","decl":{"start":{"line":26,"column":19},"end":{"line":26,"column":null}},"loc":{"start":{"line":26,"column":19},"end":{"line":28,"column":3}}},"4":{"name":"(anonymous_21)","decl":{"start":{"line":29,"column":21},"end":{"line":29,"column":null}},"loc":{"start":{"line":29,"column":21},"end":{"line":31,"column":3}}},"5":{"name":"(anonymous_22)","decl":{"start":{"line":32,"column":24},"end":{"line":32,"column":null}},"loc":{"start":{"line":32,"column":24},"end":{"line":34,"column":3}}},"6":{"name":"(anonymous_23)","decl":{"start":{"line":38,"column":19},"end":{"line":38,"column":null}},"loc":{"start":{"line":38,"column":19},"end":{"line":41,"column":4}}},"7":{"name":"(anonymous_26)","decl":{"start":{"line":45,"column":26},"end":{"line":45,"column":null}},"loc":{"start":{"line":45,"column":26},"end":{"line":59,"column":4}}},"8":{"name":"(anonymous_29)","decl":{"start":{"line":63,"column":21},"end":{"line":63,"column":28}},"loc":{"start":{"line":63,"column":48},"end":{"line":75,"column":4}}},"9":{"name":"(anonymous_30)","decl":{"start":{"line":63,"column":48},"end":{"line":63,"column":null}},"loc":{"start":{"line":63,"column":48},"end":{"line":75,"column":4}}},"10":{"name":"(anonymous_32)","decl":{"start":{"line":79,"column":31},"end":{"line":79,"column":null}},"loc":{"start":{"line":79,"column":31},"end":{"line":92,"column":4}}},"11":{"name":"(anonymous_35)","decl":{"start":{"line":96,"column":31},"end":{"line":96,"column":null}},"loc":{"start":{"line":96,"column":31},"end":{"line":115,"column":4}}},"12":{"name":"(anonymous_38)","decl":{"start":{"line":124,"column":26},"end":{"line":124,"column":null}},"loc":{"start":{"line":126,"column":15},"end":{"line":146,"column":4}}},"13":{"name":"(anonymous_41)","decl":{"start":{"line":150,"column":24},"end":{"line":150,"column":25}},"loc":{"start":{"line":150,"column":44},"end":{"line":158,"column":3}}},"14":{"name":"(anonymous_42)","decl":{"start":{"line":162,"column":25},"end":{"line":162,"column":26}},"loc":{"start":{"line":162,"column":49},"end":{"line":174,"column":3}}}},"branchMap":{"0":{"loc":{"start":{"line":39,"column":4},"end":{"line":39,"column":39}},"type":"switch","locations":[{"start":{"line":39,"column":4},"end":{"line":39,"column":39}}]},"1":{"loc":{"start":{"line":74,"column":4},"end":{"line":74,"column":16}},"type":"switch","locations":[{"start":{"line":74,"column":4},"end":{"line":74,"column":16}}]},"2":{"loc":{"start":{"line":81,"column":6},"end":{"line":82,"column":53}},"type":"if","locations":[{"start":{"line":81,"column":6},"end":{"line":82,"column":53}},{"start":{"line":81,"column":6},"end":{"line":82,"column":53}}]},"3":{"loc":{"start":{"line":85,"column":6},"end":{"line":86,"column":52}},"type":"if","locations":[{"start":{"line":85,"column":6},"end":{"line":86,"column":52}},{"start":{"line":85,"column":6},"end":{"line":86,"column":52}}]},"4":{"loc":{"start":{"line":89,"column":6},"end":{"line":90,"column":56}},"type":"if","locations":[{"start":{"line":89,"column":6},"end":{"line":90,"column":56}},{"start":{"line":89,"column":6},"end":{"line":90,"column":56}}]},"5":{"loc":{"start":{"line":97,"column":4},"end":{"line":97,"column":44}},"type":"switch","locations":[{"start":{"line":97,"column":4},"end":{"line":97,"column":44}}]},"6":{"loc":{"start":{"line":99,"column":24},"end":{"line":99,"column":null}},"type":"if","locations":[{"start":{"line":99,"column":24},"end":{"line":99,"column":null}},{"start":{"line":99,"column":24},"end":{"line":99,"column":null}}]},"7":{"loc":{"start":{"line":103,"column":8},"end":{"line":110,"column":null}},"type":"if","locations":[{"start":{"line":103,"column":8},"end":{"line":110,"column":null}},{"start":{"line":103,"column":8},"end":{"line":110,"column":null}}]},"8":{"loc":{"start":{"line":103,"column":12},"end":{"line":103,"column":33}},"type":"binary-expr","locations":[{"start":{"line":103,"column":12},"end":{"line":103,"column":33}},{"start":{"line":103,"column":37},"end":{"line":103,"column":70}}]},"9":{"loc":{"start":{"line":103,"column":16},"end":{"line":103,"column":18}},"type":"cond-expr","locations":[{"start":{"line":103,"column":16},"end":{"line":103,"column":18}},{"start":{"line":103,"column":12},"end":{"line":103,"column":33}}]},"10":{"loc":{"start":{"line":103,"column":12},"end":{"line":103,"column":18}},"type":"binary-expr","locations":[{"start":{"line":103,"column":12},"end":{"line":103,"column":18}},{"start":{"line":103,"column":12},"end":{"line":103,"column":18}}]},"11":{"loc":{"start":{"line":126,"column":4},"end":{"line":126,"column":null}},"type":"if","locations":[{"start":{"line":126,"column":4},"end":{"line":126,"column":null}},{"start":{"line":126,"column":4},"end":{"line":126,"column":null}}]},"12":{"loc":{"start":{"line":145,"column":4},"end":{"line":145,"column":16}},"type":"switch","locations":[{"start":{"line":145,"column":4},"end":{"line":145,"column":16}}]},"13":{"loc":{"start":{"line":136,"column":6},"end":{"line":138,"column":null}},"type":"if","locations":[{"start":{"line":136,"column":6},"end":{"line":138,"column":null}},{"start":{"line":136,"column":6},"end":{"line":138,"column":null}}]},"14":{"loc":{"start":{"line":136,"column":10},"end":{"line":136,"column":33}},"type":"binary-expr","locations":[{"start":{"line":136,"column":10},"end":{"line":136,"column":33}},{"start":{"line":136,"column":37},"end":{"line":136,"column":48}}]},"15":{"loc":{"start":{"line":136,"column":14},"end":{"line":136,"column":16}},"type":"cond-expr","locations":[{"start":{"line":136,"column":14},"end":{"line":136,"column":16}},{"start":{"line":136,"column":10},"end":{"line":136,"column":24}}]},"16":{"loc":{"start":{"line":136,"column":10},"end":{"line":136,"column":16}},"type":"binary-expr","locations":[{"start":{"line":136,"column":10},"end":{"line":136,"column":16}},{"start":{"line":136,"column":10},"end":{"line":136,"column":16}}]},"17":{"loc":{"start":{"line":169,"column":41},"end":{"line":169,"column":70}},"type":"cond-expr","locations":[{"start":{"line":169,"column":41},"end":{"line":169,"column":70}},{"start":{"line":169,"column":73},"end":{"line":169,"column":75}}]}},"s":{"0":1,"1":1,"2":9,"3":8,"4":8,"5":8,"6":8,"7":8,"8":8,"9":8,"10":1,"11":8,"12":1,"13":8,"14":1,"15":8,"16":1,"17":8,"18":1,"19":8,"20":1,"21":2,"22":2,"23":8,"24":5,"25":5,"26":5,"27":5,"28":5,"29":5,"30":5,"31":5,"32":5,"33":5,"34":0,"35":8,"36":16,"37":16,"38":16,"39":14,"40":14,"41":2,"42":16,"43":8,"44":2,"45":2,"46":2,"47":2,"48":1,"49":2,"50":2,"51":2,"52":2,"53":2,"54":2,"55":2,"56":1,"57":8,"58":2,"59":4,"60":4,"61":10,"62":4,"63":4,"64":4,"65":4,"66":4,"67":4,"68":4,"69":0,"70":8,"71":15,"72":8,"73":7,"74":7,"75":7,"76":1,"77":1,"78":6,"79":8,"80":5,"81":5,"82":8,"83":1,"84":1,"85":2,"86":2,"87":2,"88":2,"89":1,"90":1,"91":1},"f":{"0":9,"1":1,"2":1,"3":1,"4":1,"5":1,"6":2,"7":10,"8":16,"9":16,"10":4,"11":4,"12":8,"13":5,"14":1},"b":{"0":[1],"1":[16],"2":[1,1],"3":[2,0],"4":[1,1],"5":[2],"6":[2,4],"7":[4,0],"8":[4,4],"9":[0,4],"10":[4,4],"11":[7,1],"12":[6],"13":[1,6],"14":[7,1],"15":[0,7],"16":[7,7],"17":[1,1]}}
,"C:\\Users\\timok\\Documents\\projektit\\React-Typescript\\server\\src\\models\\types\\types.ts": {"path":"C:\\Users\\timok\\Documents\\projektit\\React-Typescript\\server\\src\\models\\types\\types.ts","statementMap":{"0":{"start":{"line":30,"column":13},"end":{"line":34,"column":2}},"1":{"start":{"line":36,"column":0},"end":{"line":36,"column":null}},"2":{"start":{"line":37,"column":2},"end":{"line":37,"column":null}},"3":{"start":{"line":38,"column":2},"end":{"line":38,"column":null}},"4":{"start":{"line":39,"column":2},"end":{"line":39,"column":null}}},"fnMap":{"0":{"name":"(anonymous_0)","decl":{"start":{"line":36,"column":0},"end":{"line":36,"column":12}},"loc":{"start":{"line":36,"column":22},"end":{"line":40,"column":1}}}},"branchMap":{"0":{"loc":{"start":{"line":36,"column":12},"end":{"line":36,"column":22}},"type":"binary-expr","locations":[{"start":{"line":36,"column":12},"end":{"line":36,"column":22}},{"start":{"line":36,"column":12},"end":{"line":36,"column":null}}]}},"s":{"0":5,"1":5,"2":5,"3":5,"4":5},"f":{"0":5},"b":{"0":[5,5]}}
,"C:\\Users\\timok\\Documents\\projektit\\React-Typescript\\server\\src\\routes\\accessories.ts": {"path":"C:\\Users\\timok\\Documents\\projektit\\React-Typescript\\server\\src\\routes\\accessories.ts","statementMap":{"0":{"start":{"line":1,"column":0},"end":{"line":1,"column":53}},"1":{"start":{"line":2,"column":0},"end":{"line":2,"column":43}},"2":{"start":{"line":3,"column":0},"end":{"line":3,"column":79}},"3":{"start":{"line":5,"column":15},"end":{"line":5,"column":31}},"4":{"start":{"line":37,"column":19},"end":{"line":37,"column":34}},"5":{"start":{"line":7,"column":0},"end":{"line":35,"column":3}},"6":{"start":{"line":8,"column":19},"end":{"line":8,"column":30}},"7":{"start":{"line":9,"column":43},"end":{"line":9,"column":null}},"8":{"start":{"line":9,"column":16},"end":{"line":9,"column":23}},"9":{"start":{"line":9,"column":38},"end":{"line":9,"column":43}},"10":{"start":{"line":14,"column":30},"end":{"line":20,"column":41}},"11":{"start":{"line":18,"column":10},"end":{"line":18,"column":null}},"12":{"start":{"line":22,"column":25},"end":{"line":24,"column":null}},"13":{"start":{"line":22,"column":15},"end":{"line":22,"column":17}},"14":{"start":{"line":22,"column":20},"end":{"line":22,"column":25}},"15":{"start":{"line":27,"column":47},"end":{"line":28,"column":null}},"16":{"start":{"line":31,"column":2},"end":{"line":34,"column":5}}},"fnMap":{"0":{"name":"(anonymous_1)","decl":{"start":{"line":7,"column":42},"end":{"line":7,"column":43}},"loc":{"start":{"line":7,"column":70},"end":{"line":35,"column":1}}},"1":{"name":"(anonymous_2)","decl":{"start":{"line":17,"column":16},"end":{"line":17,"column":17}},"loc":{"start":{"line":17,"column":26},"end":{"line":18,"column":19}}}},"branchMap":{"0":{"loc":{"start":{"line":15,"column":6},"end":{"line":18,"column":null}},"type":"cond-expr","locations":[{"start":{"line":15,"column":6},"end":{"line":18,"column":null}},{"start":{"line":20,"column":6},"end":{"line":20,"column":41}}]}},"s":{"0":5,"1":5,"2":5,"3":5,"4":5,"5":5,"6":4,"7":4,"8":4,"9":4,"10":4,"11":6,"12":4,"13":4,"14":4,"15":4,"16":4},"f":{"0":4,"1":6},"b":{"0":[2,2]}}
,"C:\\Users\\timok\\Documents\\projektit\\React-Typescript\\server\\src\\routes\\jackets.ts": {"path":"C:\\Users\\timok\\Documents\\projektit\\React-Typescript\\server\\src\\routes\\jackets.ts","statementMap":{"0":{"start":{"line":1,"column":0},"end":{"line":1,"column":53}},"1":{"start":{"line":2,"column":0},"end":{"line":2,"column":43}},"2":{"start":{"line":3,"column":0},"end":{"line":3,"column":79}},"3":{"start":{"line":5,"column":15},"end":{"line":5,"column":31}},"4":{"start":{"line":45,"column":19},"end":{"line":45,"column":32}},"5":{"start":{"line":7,"column":0},"end":{"line":43,"column":3}},"6":{"start":{"line":8,"column":19},"end":{"line":8,"column":30}},"7":{"start":{"line":9,"column":43},"end":{"line":9,"column":null}},"8":{"start":{"line":9,"column":16},"end":{"line":9,"column":23}},"9":{"start":{"line":9,"column":38},"end":{"line":9,"column":43}},"10":{"start":{"line":16,"column":26},"end":{"line":22,"column":37}},"11":{"start":{"line":20,"column":10},"end":{"line":20,"column":null}},"12":{"start":{"line":26,"column":25},"end":{"line":28,"column":null}},"13":{"start":{"line":26,"column":15},"end":{"line":26,"column":17}},"14":{"start":{"line":26,"column":20},"end":{"line":26,"column":25}},"15":{"start":{"line":33,"column":43},"end":{"line":34,"column":null}},"16":{"start":{"line":39,"column":2},"end":{"line":42,"column":5}}},"fnMap":{"0":{"name":"(anonymous_1)","decl":{"start":{"line":7,"column":38},"end":{"line":7,"column":39}},"loc":{"start":{"line":7,"column":66},"end":{"line":43,"column":1}}},"1":{"name":"(anonymous_2)","decl":{"start":{"line":19,"column":16},"end":{"line":19,"column":17}},"loc":{"start":{"line":19,"column":23},"end":{"line":20,"column":16}}}},"branchMap":{"0":{"loc":{"start":{"line":17,"column":6},"end":{"line":20,"column":null}},"type":"cond-expr","locations":[{"start":{"line":17,"column":6},"end":{"line":20,"column":null}},{"start":{"line":22,"column":6},"end":{"line":22,"column":37}}]}},"s":{"0":5,"1":5,"2":5,"3":5,"4":5,"5":5,"6":4,"7":4,"8":4,"9":4,"10":4,"11":6,"12":4,"13":4,"14":4,"15":4,"16":4},"f":{"0":4,"1":6},"b":{"0":[2,2]}}
,"C:\\Users\\timok\\Documents\\projektit\\React-Typescript\\server\\src\\routes\\shirts.ts": {"path":"C:\\Users\\timok\\Documents\\projektit\\React-Typescript\\server\\src\\routes\\shirts.ts","statementMap":{"0":{"start":{"line":1,"column":0},"end":{"line":1,"column":53}},"1":{"start":{"line":2,"column":0},"end":{"line":2,"column":43}},"2":{"start":{"line":3,"column":0},"end":{"line":3,"column":79}},"3":{"start":{"line":5,"column":15},"end":{"line":5,"column":31}},"4":{"start":{"line":43,"column":19},"end":{"line":43,"column":31}},"5":{"start":{"line":7,"column":0},"end":{"line":41,"column":3}},"6":{"start":{"line":8,"column":19},"end":{"line":8,"column":30}},"7":{"start":{"line":9,"column":43},"end":{"line":9,"column":null}},"8":{"start":{"line":9,"column":16},"end":{"line":9,"column":23}},"9":{"start":{"line":9,"column":38},"end":{"line":9,"column":43}},"10":{"start":{"line":16,"column":25},"end":{"line":22,"column":36}},"11":{"start":{"line":20,"column":10},"end":{"line":20,"column":null}},"12":{"start":{"line":26,"column":25},"end":{"line":28,"column":null}},"13":{"start":{"line":26,"column":15},"end":{"line":26,"column":17}},"14":{"start":{"line":26,"column":20},"end":{"line":26,"column":25}},"15":{"start":{"line":33,"column":42},"end":{"line":34,"column":null}},"16":{"start":{"line":37,"column":2},"end":{"line":40,"column":5}}},"fnMap":{"0":{"name":"(anonymous_1)","decl":{"start":{"line":7,"column":37},"end":{"line":7,"column":38}},"loc":{"start":{"line":7,"column":65},"end":{"line":41,"column":1}}},"1":{"name":"(anonymous_2)","decl":{"start":{"line":19,"column":16},"end":{"line":19,"column":17}},"loc":{"start":{"line":19,"column":22},"end":{"line":20,"column":15}}}},"branchMap":{"0":{"loc":{"start":{"line":17,"column":6},"end":{"line":20,"column":null}},"type":"cond-expr","locations":[{"start":{"line":17,"column":6},"end":{"line":20,"column":null}},{"start":{"line":22,"column":6},"end":{"line":22,"column":36}}]}},"s":{"0":5,"1":5,"2":5,"3":5,"4":5,"5":5,"6":4,"7":4,"8":4,"9":4,"10":4,"11":6,"12":4,"13":4,"14":4,"15":4,"16":4},"f":{"0":4,"1":6},"b":{"0":[2,2]}}
,"C:\\Users\\timok\\Documents\\projektit\\React-Typescript\\server\\src\\routes\\common\\itemIndexesFromPageNumber.ts": {"path":"C:\\Users\\timok\\Documents\\projektit\\React-Typescript\\server\\src\\routes\\common\\itemIndexesFromPageNumber.ts","statementMap":{"0":{"start":{"line":3,"column":13},"end":{"line":11,"column":2}},"1":{"start":{"line":5,"column":2},"end":{"line":5,"column":null}},"2":{"start":{"line":7,"column":16},"end":{"line":7,"column":45}},"3":{"start":{"line":8,"column":14},"end":{"line":8,"column":38}},"4":{"start":{"line":10,"column":2},"end":{"line":10,"column":24}}},"fnMap":{"0":{"name":"(anonymous_0)","decl":{"start":{"line":3,"column":41},"end":{"line":3,"column":null}},"loc":{"start":{"line":5,"column":31},"end":{"line":11,"column":1}}}},"branchMap":{"0":{"loc":{"start":{"line":5,"column":2},"end":{"line":5,"column":null}},"type":"if","locations":[{"start":{"line":5,"column":2},"end":{"line":5,"column":null}},{"start":{"line":5,"column":2},"end":{"line":5,"column":null}}]}},"s":{"0":5,"1":14,"2":13,"3":13,"4":13},"f":{"0":13},"b":{"0":[1,12]}}
}
