{"C:\\Users\\timok\\Documents\\projektit\\React-Typescript\\server\\index.ts": {"path":"C:\\Users\\timok\\Documents\\projektit\\React-Typescript\\server\\index.ts","statementMap":{"0":{"start":{"line":1,"column":0},"end":{"line":1,"column":32}},"1":{"start":{"line":2,"column":0},"end":{"line":2,"column":69}},"2":{"start":{"line":3,"column":0},"end":{"line":3,"column":29}},"3":{"start":{"line":6,"column":13},"end":{"line":6,"column":37}},"4":{"start":{"line":8,"column":13},"end":{"line":8,"column":59}},"5":{"start":{"line":15,"column":0},"end":{"line":29,"column":36}},"6":{"start":{"line":18,"column":4},"end":{"line":20,"column":7}},"7":{"start":{"line":19,"column":6},"end":{"line":19,"column":42}},"8":{"start":{"line":22,"column":4},"end":{"line":27,"column":7}},"9":{"start":{"line":23,"column":6},"end":{"line":23,"column":47}},"10":{"start":{"line":26,"column":6},"end":{"line":26,"column":29}},"11":{"start":{"line":29,"column":18},"end":{"line":29,"column":35}}},"fnMap":{"0":{"name":"(anonymous_1)","decl":{"start":{"line":17,"column":8},"end":{"line":17,"column":null}},"loc":{"start":{"line":17,"column":8},"end":{"line":28,"column":3}}},"1":{"name":"(anonymous_2)","decl":{"start":{"line":18,"column":33},"end":{"line":18,"column":null}},"loc":{"start":{"line":18,"column":33},"end":{"line":20,"column":5}}},"2":{"name":"(anonymous_3)","decl":{"start":{"line":22,"column":30},"end":{"line":22,"column":null}},"loc":{"start":{"line":22,"column":30},"end":{"line":27,"column":5}}},"3":{"name":"(anonymous_4)","decl":{"start":{"line":29,"column":9},"end":{"line":29,"column":10}},"loc":{"start":{"line":29,"column":13},"end":{"line":29,"column":25}}}},"branchMap":{"0":{"loc":{"start":{"line":6,"column":13},"end":{"line":6,"column":29}},"type":"binary-expr","locations":[{"start":{"line":6,"column":13},"end":{"line":6,"column":29}},{"start":{"line":6,"column":33},"end":{"line":6,"column":37}}]}},"s":{"0":5,"1":5,"2":5,"3":5,"4":5,"5":5,"6":5,"7":0,"8":5,"9":5,"10":5,"11":0},"f":{"0":5,"1":0,"2":5,"3":0},"b":{"0":[5,5]}}
,"C:\\Users\\timok\\Documents\\projektit\\React-Typescript\\server\\src\\app.ts": {"path":"C:\\Users\\timok\\Documents\\projektit\\React-Typescript\\server\\src\\app.ts","statementMap":{"0":{"start":{"line":1,"column":0},"end":{"line":1,"column":30}},"1":{"start":{"line":2,"column":0},"end":{"line":2,"column":55}},"2":{"start":{"line":3,"column":0},"end":{"line":3,"column":49}},"3":{"start":{"line":4,"column":0},"end":{"line":4,"column":47}},"4":{"start":{"line":6,"column":12},"end":{"line":6,"column":21}},"5":{"start":{"line":14,"column":9},"end":{"line":14,"column":12}},"6":{"start":{"line":10,"column":0},"end":{"line":10,"column":23}},"7":{"start":{"line":11,"column":0},"end":{"line":11,"column":22}},"8":{"start":{"line":12,"column":0},"end":{"line":12,"column":25}}},"fnMap":{},"branchMap":{},"s":{"0":5,"1":5,"2":5,"3":5,"4":5,"5":5,"6":5,"7":5,"8":5},"f":{},"b":{}}
,"C:\\Users\\timok\\Documents\\projektit\\React-Typescript\\server\\src\\models\\ProductDataFetcher.ts": {"path":"C:\\Users\\timok\\Documents\\projektit\\React-Typescript\\server\\src\\models\\ProductDataFetcher.ts","statementMap":{"0":{"start":{"line":1,"column":0},"end":{"line":1,"column":26}},"1":{"start":{"line":2,"column":0},"end":{"line":2,"column":null}},"2":{"start":{"line":12,"column":0},"end":{"line":12,"column":13}},"3":{"start":{"line":13,"column":10},"end":{"line":13,"column":38}},"4":{"start":{"line":14,"column":10},"end":{"line":14,"column":37}},"5":{"start":{"line":15,"column":10},"end":{"line":15,"column":42}},"6":{"start":{"line":16,"column":10},"end":{"line":16,"column":39}},"7":{"start":{"line":17,"column":10},"end":{"line":17,"column":58}},"8":{"start":{"line":18,"column":10},"end":{"line":18,"column":69}},"9":{"start":{"line":20,"column":2},"end":{"line":24,"column":4}},"10":{"start":{"line":21,"column":4},"end":{"line":23,"column":33}},"11":{"start":{"line":21,"column":41},"end":{"line":21,"column":61}},"12":{"start":{"line":22,"column":9},"end":{"line":23,"column":33}},"13":{"start":{"line":22,"column":45},"end":{"line":22,"column":64}},"14":{"start":{"line":23,"column":9},"end":{"line":23,"column":33}},"15":{"start":{"line":26,"column":2},"end":{"line":28,"column":4}},"16":{"start":{"line":27,"column":4},"end":{"line":27,"column":30}},"17":{"start":{"line":29,"column":2},"end":{"line":31,"column":4}},"18":{"start":{"line":30,"column":4},"end":{"line":30,"column":33}},"19":{"start":{"line":35,"column":2},"end":{"line":38,"column":4}},"20":{"start":{"line":35,"column":19},"end":{"line":38,"column":4}},"21":{"start":{"line":36,"column":4},"end":{"line":36,"column":39}},"22":{"start":{"line":37,"column":4},"end":{"line":37,"column":44}},"23":{"start":{"line":42,"column":2},"end":{"line":56,"column":4}},"24":{"start":{"line":42,"column":26},"end":{"line":56,"column":4}},"25":{"start":{"line":44,"column":6},"end":{"line":44,"column":11}},"26":{"start":{"line":44,"column":22},"end":{"line":46,"column":25}},"27":{"start":{"line":44,"column":6},"end":{"line":46,"column":26}},"28":{"start":{"line":47,"column":6},"end":{"line":47,"column":11}},"29":{"start":{"line":47,"column":21},"end":{"line":49,"column":25}},"30":{"start":{"line":47,"column":6},"end":{"line":49,"column":26}},"31":{"start":{"line":50,"column":6},"end":{"line":50,"column":11}},"32":{"start":{"line":50,"column":26},"end":{"line":52,"column":25}},"33":{"start":{"line":50,"column":6},"end":{"line":52,"column":26}},"34":{"start":{"line":54,"column":6},"end":{"line":54,"column":18}},"35":{"start":{"line":60,"column":2},"end":{"line":72,"column":4}},"36":{"start":{"line":60,"column":48},"end":{"line":72,"column":4}},"37":{"start":{"line":61,"column":8},"end":{"line":61,"column":33}},"38":{"start":{"line":63,"column":23},"end":{"line":65,"column":null}},"39":{"start":{"line":63,"column":12},"end":{"line":65,"column":null}},"40":{"start":{"line":67,"column":6},"end":{"line":67,"column":27}},"41":{"start":{"line":69,"column":6},"end":{"line":69,"column":25}},"42":{"start":{"line":71,"column":4},"end":{"line":71,"column":16}},"43":{"start":{"line":76,"column":2},"end":{"line":89,"column":4}},"44":{"start":{"line":76,"column":31},"end":{"line":89,"column":4}},"45":{"start":{"line":77,"column":4},"end":{"line":80,"column":null}},"46":{"start":{"line":77,"column":15},"end":{"line":77,"column":25}},"47":{"start":{"line":78,"column":6},"end":{"line":79,"column":53}},"48":{"start":{"line":79,"column":8},"end":{"line":79,"column":53}},"49":{"start":{"line":81,"column":4},"end":{"line":84,"column":null}},"50":{"start":{"line":81,"column":15},"end":{"line":81,"column":24}},"51":{"start":{"line":82,"column":6},"end":{"line":83,"column":52}},"52":{"start":{"line":83,"column":8},"end":{"line":83,"column":52}},"53":{"start":{"line":85,"column":4},"end":{"line":88,"column":null}},"54":{"start":{"line":85,"column":15},"end":{"line":85,"column":28}},"55":{"start":{"line":86,"column":6},"end":{"line":87,"column":56}},"56":{"start":{"line":87,"column":8},"end":{"line":87,"column":56}},"57":{"start":{"line":93,"column":2},"end":{"line":112,"column":4}},"58":{"start":{"line":93,"column":31},"end":{"line":112,"column":4}},"59":{"start":{"line":94,"column":4},"end":{"line":94,"column":44}},"60":{"start":{"line":96,"column":42},"end":{"line":96,"column":null}},"61":{"start":{"line":96,"column":24},"end":{"line":96,"column":null}},"62":{"start":{"line":96,"column":15},"end":{"line":96,"column":24}},"63":{"start":{"line":98,"column":21},"end":{"line":98,"column":null}},"64":{"start":{"line":98,"column":14},"end":{"line":98,"column":null}},"65":{"start":{"line":100,"column":8},"end":{"line":107,"column":null}},"66":{"start":{"line":101,"column":10},"end":{"line":106,"column":null}},"67":{"start":{"line":101,"column":21},"end":{"line":101,"column":28}},"68":{"start":{"line":102,"column":12},"end":{"line":105,"column":14}},"69":{"start":{"line":109,"column":8},"end":{"line":109,"column":76}},"70":{"start":{"line":121,"column":2},"end":{"line":143,"column":4}},"71":{"start":{"line":123,"column":4},"end":{"line":123,"column":null}},"72":{"start":{"line":128,"column":23},"end":{"line":131,"column":null}},"73":{"start":{"line":128,"column":12},"end":{"line":131,"column":null}},"74":{"start":{"line":132,"column":6},"end":{"line":132,"column":27}},"75":{"start":{"line":133,"column":6},"end":{"line":135,"column":null}},"76":{"start":{"line":134,"column":8},"end":{"line":134,"column":69}},"77":{"start":{"line":137,"column":6},"end":{"line":140,"column":8}},"78":{"start":{"line":142,"column":4},"end":{"line":142,"column":16}},"79":{"start":{"line":147,"column":2},"end":{"line":155,"column":4}},"80":{"start":{"line":148,"column":25},"end":{"line":150,"column":34}},"81":{"start":{"line":152,"column":4},"end":{"line":154,"column":6}},"82":{"start":{"line":159,"column":2},"end":{"line":171,"column":4}},"83":{"start":{"line":160,"column":37},"end":{"line":160,"column":39}},"84":{"start":{"line":162,"column":4},"end":{"line":168,"column":null}},"85":{"start":{"line":162,"column":26},"end":{"line":162,"column":34}},"86":{"start":{"line":162,"column":22},"end":{"line":162,"column":26}},"87":{"start":{"line":163,"column":6},"end":{"line":163,"column":73}},"88":{"start":{"line":164,"column":6},"end":{"line":167,"column":9}},"89":{"start":{"line":170,"column":4},"end":{"line":170,"column":23}},"90":{"start":{"line":172,"column":0},"end":{"line":172,"column":null}},"91":{"start":{"line":12,"column":13},"end":{"line":12,"column":31}}},"fnMap":{"0":{"name":"(anonymous_16)","decl":{"start":{"line":12,"column":0},"end":{"line":12,"column":13}},"loc":{"start":{"line":12,"column":0},"end":{"line":172,"column":null}}},"1":{"name":"(anonymous_18)","decl":{"start":{"line":20,"column":13},"end":{"line":20,"column":14}},"loc":{"start":{"line":20,"column":30},"end":{"line":24,"column":3}}},"2":{"name":"(anonymous_19)","decl":{"start":{"line":26,"column":21},"end":{"line":26,"column":null}},"loc":{"start":{"line":26,"column":21},"end":{"line":28,"column":3}}},"3":{"name":"(anonymous_20)","decl":{"start":{"line":29,"column":24},"end":{"line":29,"column":null}},"loc":{"start":{"line":29,"column":24},"end":{"line":31,"column":3}}},"4":{"name":"(anonymous_21)","decl":{"start":{"line":35,"column":19},"end":{"line":35,"column":null}},"loc":{"start":{"line":35,"column":19},"end":{"line":38,"column":4}}},"5":{"name":"(anonymous_24)","decl":{"start":{"line":42,"column":26},"end":{"line":42,"column":null}},"loc":{"start":{"line":42,"column":26},"end":{"line":56,"column":4}}},"6":{"name":"(anonymous_27)","decl":{"start":{"line":60,"column":21},"end":{"line":60,"column":28}},"loc":{"start":{"line":60,"column":48},"end":{"line":72,"column":4}}},"7":{"name":"(anonymous_28)","decl":{"start":{"line":60,"column":48},"end":{"line":60,"column":null}},"loc":{"start":{"line":60,"column":48},"end":{"line":72,"column":4}}},"8":{"name":"(anonymous_30)","decl":{"start":{"line":76,"column":31},"end":{"line":76,"column":null}},"loc":{"start":{"line":76,"column":31},"end":{"line":89,"column":4}}},"9":{"name":"(anonymous_33)","decl":{"start":{"line":93,"column":31},"end":{"line":93,"column":null}},"loc":{"start":{"line":93,"column":31},"end":{"line":112,"column":4}}},"10":{"name":"(anonymous_36)","decl":{"start":{"line":121,"column":26},"end":{"line":121,"column":null}},"loc":{"start":{"line":123,"column":15},"end":{"line":143,"column":4}}},"11":{"name":"(anonymous_39)","decl":{"start":{"line":147,"column":24},"end":{"line":147,"column":25}},"loc":{"start":{"line":147,"column":44},"end":{"line":155,"column":3}}},"12":{"name":"(anonymous_40)","decl":{"start":{"line":159,"column":25},"end":{"line":159,"column":26}},"loc":{"start":{"line":159,"column":49},"end":{"line":171,"column":3}}}},"branchMap":{"0":{"loc":{"start":{"line":21,"column":4},"end":{"line":23,"column":33}},"type":"if","locations":[{"start":{"line":21,"column":4},"end":{"line":23,"column":33}},{"start":{"line":21,"column":4},"end":{"line":23,"column":33}}]},"1":{"loc":{"start":{"line":22,"column":9},"end":{"line":23,"column":33}},"type":"if","locations":[{"start":{"line":22,"column":9},"end":{"line":23,"column":33}},{"start":{"line":22,"column":9},"end":{"line":23,"column":33}}]},"2":{"loc":{"start":{"line":36,"column":4},"end":{"line":36,"column":39}},"type":"switch","locations":[{"start":{"line":36,"column":4},"end":{"line":36,"column":39}}]},"3":{"loc":{"start":{"line":71,"column":4},"end":{"line":71,"column":16}},"type":"switch","locations":[{"start":{"line":71,"column":4},"end":{"line":71,"column":16}}]},"4":{"loc":{"start":{"line":78,"column":6},"end":{"line":79,"column":53}},"type":"if","locations":[{"start":{"line":78,"column":6},"end":{"line":79,"column":53}},{"start":{"line":78,"column":6},"end":{"line":79,"column":53}}]},"5":{"loc":{"start":{"line":82,"column":6},"end":{"line":83,"column":52}},"type":"if","locations":[{"start":{"line":82,"column":6},"end":{"line":83,"column":52}},{"start":{"line":82,"column":6},"end":{"line":83,"column":52}}]},"6":{"loc":{"start":{"line":86,"column":6},"end":{"line":87,"column":56}},"type":"if","locations":[{"start":{"line":86,"column":6},"end":{"line":87,"column":56}},{"start":{"line":86,"column":6},"end":{"line":87,"column":56}}]},"7":{"loc":{"start":{"line":94,"column":4},"end":{"line":94,"column":44}},"type":"switch","locations":[{"start":{"line":94,"column":4},"end":{"line":94,"column":44}}]},"8":{"loc":{"start":{"line":96,"column":24},"end":{"line":96,"column":null}},"type":"if","locations":[{"start":{"line":96,"column":24},"end":{"line":96,"column":null}},{"start":{"line":96,"column":24},"end":{"line":96,"column":null}}]},"9":{"loc":{"start":{"line":100,"column":8},"end":{"line":107,"column":null}},"type":"if","locations":[{"start":{"line":100,"column":8},"end":{"line":107,"column":null}},{"start":{"line":100,"column":8},"end":{"line":107,"column":null}}]},"10":{"loc":{"start":{"line":100,"column":12},"end":{"line":100,"column":33}},"type":"binary-expr","locations":[{"start":{"line":100,"column":12},"end":{"line":100,"column":33}},{"start":{"line":100,"column":37},"end":{"line":100,"column":70}}]},"11":{"loc":{"start":{"line":100,"column":16},"end":{"line":100,"column":18}},"type":"cond-expr","locations":[{"start":{"line":100,"column":16},"end":{"line":100,"column":18}},{"start":{"line":100,"column":12},"end":{"line":100,"column":33}}]},"12":{"loc":{"start":{"line":100,"column":12},"end":{"line":100,"column":18}},"type":"binary-expr","locations":[{"start":{"line":100,"column":12},"end":{"line":100,"column":18}},{"start":{"line":100,"column":12},"end":{"line":100,"column":18}}]},"13":{"loc":{"start":{"line":123,"column":4},"end":{"line":123,"column":null}},"type":"if","locations":[{"start":{"line":123,"column":4},"end":{"line":123,"column":null}},{"start":{"line":123,"column":4},"end":{"line":123,"column":null}}]},"14":{"loc":{"start":{"line":142,"column":4},"end":{"line":142,"column":16}},"type":"switch","locations":[{"start":{"line":142,"column":4},"end":{"line":142,"column":16}}]},"15":{"loc":{"start":{"line":133,"column":6},"end":{"line":135,"column":null}},"type":"if","locations":[{"start":{"line":133,"column":6},"end":{"line":135,"column":null}},{"start":{"line":133,"column":6},"end":{"line":135,"column":null}}]},"16":{"loc":{"start":{"line":133,"column":10},"end":{"line":133,"column":33}},"type":"binary-expr","locations":[{"start":{"line":133,"column":10},"end":{"line":133,"column":33}},{"start":{"line":133,"column":37},"end":{"line":133,"column":48}}]},"17":{"loc":{"start":{"line":133,"column":14},"end":{"line":133,"column":16}},"type":"cond-expr","locations":[{"start":{"line":133,"column":14},"end":{"line":133,"column":16}},{"start":{"line":133,"column":10},"end":{"line":133,"column":24}}]},"18":{"loc":{"start":{"line":133,"column":10},"end":{"line":133,"column":16}},"type":"binary-expr","locations":[{"start":{"line":133,"column":10},"end":{"line":133,"column":16}},{"start":{"line":133,"column":10},"end":{"line":133,"column":16}}]},"19":{"loc":{"start":{"line":166,"column":41},"end":{"line":166,"column":70}},"type":"cond-expr","locations":[{"start":{"line":166,"column":41},"end":{"line":166,"column":70}},{"start":{"line":166,"column":73},"end":{"line":166,"column":75}}]}},"s":{"0":1,"1":1,"2":9,"3":8,"4":8,"5":8,"6":8,"7":8,"8":8,"9":8,"10":3,"11":1,"12":2,"13":1,"14":1,"15":8,"16":1,"17":8,"18":1,"19":8,"20":1,"21":2,"22":2,"23":8,"24":5,"25":5,"26":5,"27":5,"28":5,"29":5,"30":5,"31":5,"32":5,"33":5,"34":0,"35":8,"36":16,"37":16,"38":16,"39":14,"40":14,"41":2,"42":16,"43":8,"44":2,"45":2,"46":2,"47":2,"48":1,"49":2,"50":2,"51":2,"52":2,"53":2,"54":2,"55":2,"56":1,"57":8,"58":2,"59":4,"60":4,"61":10,"62":4,"63":4,"64":4,"65":4,"66":4,"67":4,"68":4,"69":0,"70":8,"71":15,"72":8,"73":7,"74":7,"75":7,"76":1,"77":1,"78":6,"79":8,"80":5,"81":5,"82":8,"83":1,"84":1,"85":2,"86":2,"87":2,"88":2,"89":1,"90":1,"91":1},"f":{"0":9,"1":3,"2":1,"3":1,"4":2,"5":10,"6":16,"7":16,"8":4,"9":4,"10":8,"11":5,"12":1},"b":{"0":[1,2],"1":[1,1],"2":[1],"3":[16],"4":[1,1],"5":[2,0],"6":[1,1],"7":[2],"8":[2,4],"9":[4,0],"10":[4,4],"11":[0,4],"12":[4,4],"13":[7,1],"14":[6],"15":[1,6],"16":[7,1],"17":[0,7],"18":[7,7],"19":[1,1]}}
,"C:\\Users\\timok\\Documents\\projektit\\React-Typescript\\server\\src\\models\\types\\types.ts": {"path":"C:\\Users\\timok\\Documents\\projektit\\React-Typescript\\server\\src\\models\\types\\types.ts","statementMap":{"0":{"start":{"line":30,"column":13},"end":{"line":34,"column":2}},"1":{"start":{"line":36,"column":0},"end":{"line":36,"column":null}},"2":{"start":{"line":37,"column":2},"end":{"line":37,"column":null}},"3":{"start":{"line":38,"column":2},"end":{"line":38,"column":null}},"4":{"start":{"line":39,"column":2},"end":{"line":39,"column":null}}},"fnMap":{"0":{"name":"(anonymous_0)","decl":{"start":{"line":36,"column":0},"end":{"line":36,"column":12}},"loc":{"start":{"line":36,"column":22},"end":{"line":40,"column":1}}}},"branchMap":{"0":{"loc":{"start":{"line":36,"column":12},"end":{"line":36,"column":22}},"type":"binary-expr","locations":[{"start":{"line":36,"column":12},"end":{"line":36,"column":22}},{"start":{"line":36,"column":12},"end":{"line":36,"column":null}}]}},"s":{"0":5,"1":5,"2":5,"3":5,"4":5},"f":{"0":5},"b":{"0":[5,5]}}
,"C:\\Users\\timok\\Documents\\projektit\\React-Typescript\\server\\src\\routes\\accessories.ts": {"path":"C:\\Users\\timok\\Documents\\projektit\\React-Typescript\\server\\src\\routes\\accessories.ts","statementMap":{"0":{"start":{"line":1,"column":0},"end":{"line":1,"column":30}},"1":{"start":{"line":2,"column":0},"end":{"line":2,"column":51}},"2":{"start":{"line":3,"column":0},"end":{"line":3,"column":65}},"3":{"start":{"line":5,"column":15},"end":{"line":5,"column":31}},"4":{"start":{"line":12,"column":19},"end":{"line":12,"column":34}},"5":{"start":{"line":7,"column":0},"end":{"line":10,"column":2}}},"fnMap":{},"branchMap":{},"s":{"0":5,"1":5,"2":5,"3":5,"4":5,"5":5},"f":{},"b":{}}
,"C:\\Users\\timok\\Documents\\projektit\\React-Typescript\\server\\src\\routes\\jackets.ts": {"path":"C:\\Users\\timok\\Documents\\projektit\\React-Typescript\\server\\src\\routes\\jackets.ts","statementMap":{"0":{"start":{"line":1,"column":0},"end":{"line":1,"column":30}},"1":{"start":{"line":2,"column":0},"end":{"line":2,"column":51}},"2":{"start":{"line":3,"column":0},"end":{"line":3,"column":65}},"3":{"start":{"line":5,"column":15},"end":{"line":5,"column":31}},"4":{"start":{"line":9,"column":19},"end":{"line":9,"column":32}},"5":{"start":{"line":7,"column":0},"end":{"line":7,"column":78}}},"fnMap":{},"branchMap":{},"s":{"0":5,"1":5,"2":5,"3":5,"4":5,"5":5},"f":{},"b":{}}
,"C:\\Users\\timok\\Documents\\projektit\\React-Typescript\\server\\src\\routes\\shirts.ts": {"path":"C:\\Users\\timok\\Documents\\projektit\\React-Typescript\\server\\src\\routes\\shirts.ts","statementMap":{"0":{"start":{"line":1,"column":0},"end":{"line":1,"column":30}},"1":{"start":{"line":2,"column":0},"end":{"line":2,"column":51}},"2":{"start":{"line":3,"column":0},"end":{"line":3,"column":65}},"3":{"start":{"line":4,"column":15},"end":{"line":4,"column":31}},"4":{"start":{"line":8,"column":19},"end":{"line":8,"column":31}},"5":{"start":{"line":6,"column":0},"end":{"line":6,"column":76}}},"fnMap":{},"branchMap":{},"s":{"0":5,"1":5,"2":5,"3":5,"4":5,"5":5},"f":{},"b":{}}
,"C:\\Users\\timok\\Documents\\projektit\\React-Typescript\\server\\src\\routes\\common\\itemIndexesFromPageNumber.ts": {"path":"C:\\Users\\timok\\Documents\\projektit\\React-Typescript\\server\\src\\routes\\common\\itemIndexesFromPageNumber.ts","statementMap":{"0":{"start":{"line":3,"column":13},"end":{"line":11,"column":2}},"1":{"start":{"line":5,"column":2},"end":{"line":5,"column":null}},"2":{"start":{"line":7,"column":16},"end":{"line":7,"column":45}},"3":{"start":{"line":8,"column":14},"end":{"line":8,"column":38}},"4":{"start":{"line":10,"column":2},"end":{"line":10,"column":24}}},"fnMap":{"0":{"name":"(anonymous_0)","decl":{"start":{"line":3,"column":41},"end":{"line":3,"column":null}},"loc":{"start":{"line":5,"column":31},"end":{"line":11,"column":1}}}},"branchMap":{"0":{"loc":{"start":{"line":5,"column":2},"end":{"line":5,"column":null}},"type":"if","locations":[{"start":{"line":5,"column":2},"end":{"line":5,"column":null}},{"start":{"line":5,"column":2},"end":{"line":5,"column":null}}]}},"s":{"0":5,"1":14,"2":13,"3":13,"4":13},"f":{"0":13},"b":{"0":[1,12]}}
,"C:\\Users\\timok\\Documents\\projektit\\React-Typescript\\server\\src\\routes\\common\\productsController.ts": {"path":"C:\\Users\\timok\\Documents\\projektit\\React-Typescript\\server\\src\\routes\\common\\productsController.ts","statementMap":{"0":{"start":{"line":2,"column":0},"end":{"line":2,"column":46}},"1":{"start":{"line":4,"column":0},"end":{"line":4,"column":72}},"2":{"start":{"line":8,"column":13},"end":{"line":47,"column":2}},"3":{"start":{"line":8,"column":60},"end":{"line":47,"column":2}},"4":{"start":{"line":12,"column":19},"end":{"line":12,"column":30}},"5":{"start":{"line":13,"column":43},"end":{"line":13,"column":null}},"6":{"start":{"line":13,"column":16},"end":{"line":13,"column":23}},"7":{"start":{"line":13,"column":38},"end":{"line":13,"column":43}},"8":{"start":{"line":20,"column":24},"end":{"line":26,"column":43}},"9":{"start":{"line":24,"column":10},"end":{"line":24,"column":null}},"10":{"start":{"line":30,"column":25},"end":{"line":32,"column":null}},"11":{"start":{"line":30,"column":15},"end":{"line":30,"column":17}},"12":{"start":{"line":30,"column":20},"end":{"line":30,"column":25}},"13":{"start":{"line":37,"column":41},"end":{"line":38,"column":null}},"14":{"start":{"line":43,"column":2},"end":{"line":46,"column":5}}},"fnMap":{"0":{"name":"(anonymous_0)","decl":{"start":{"line":8,"column":34},"end":{"line":8,"column":35}},"loc":{"start":{"line":8,"column":55},"end":{"line":8,"column":null}}},"1":{"name":"(anonymous_1)","decl":{"start":{"line":8,"column":60},"end":{"line":8,"column":null}},"loc":{"start":{"line":10,"column":15},"end":{"line":47,"column":1}}},"2":{"name":"(anonymous_2)","decl":{"start":{"line":23,"column":16},"end":{"line":23,"column":17}},"loc":{"start":{"line":23,"column":21},"end":{"line":24,"column":14}}}},"branchMap":{"0":{"loc":{"start":{"line":21,"column":6},"end":{"line":24,"column":null}},"type":"cond-expr","locations":[{"start":{"line":21,"column":6},"end":{"line":24,"column":null}},{"start":{"line":26,"column":6},"end":{"line":26,"column":43}}]}},"s":{"0":5,"1":5,"2":5,"3":15,"4":12,"5":12,"6":12,"7":12,"8":12,"9":18,"10":12,"11":12,"12":12,"13":12,"14":12},"f":{"0":15,"1":12,"2":18},"b":{"0":[6,6]}}
}
