TN:
SF:index.ts
FN:13,(anonymous_1)
FN:14,(anonymous_2)
FN:18,(anonymous_3)
FN:23,(anonymous_4)
FNF:4
FNH:2
FNDA:5,(anonymous_1)
FNDA:0,(anonymous_2)
FNDA:5,(anonymous_3)
FNDA:0,(anonymous_4)
DA:1,5
DA:2,5
DA:3,5
DA:5,5
DA:7,5
DA:11,5
DA:14,5
DA:15,0
DA:18,5
DA:19,5
DA:20,5
DA:23,0
LF:12
LH:10
BRDA:5,0,0,5
BRDA:5,0,1,5
BRF:2
BRH:2
end_of_record
TN:
SF:src\app.ts
FNF:0
FNH:0
DA:1,5
DA:2,5
DA:3,5
DA:4,5
DA:6,5
DA:10,5
DA:11,5
DA:12,5
DA:14,5
LF:9
LH:9
BRF:0
BRH:0
end_of_record
TN:
SF:src\models\ProductDataFetcher.ts
FN:13,(anonymous_23)
FN:20,(anonymous_25)
FN:23,(anonymous_26)
FN:26,(anonymous_27)
FN:29,(anonymous_28)
FN:35,(anonymous_29)
FN:42,(anonymous_32)
FN:60,(anonymous_35)
FN:60,(anonymous_36)
FN:76,(anonymous_38)
FN:101,(anonymous_41)
FN:102,(anonymous_42)
FN:123,(anonymous_44)
FN:135,(anonymous_45)
FNF:14
FNH:14
FNDA:8,(anonymous_23)
FNDA:1,(anonymous_25)
FNDA:1,(anonymous_26)
FNDA:1,(anonymous_27)
FNDA:1,(anonymous_28)
FNDA:2,(anonymous_29)
FNDA:8,(anonymous_32)
FNDA:13,(anonymous_35)
FNDA:13,(anonymous_36)
FNDA:4,(anonymous_38)
FNDA:13,(anonymous_41)
FNDA:13,(anonymous_42)
FNDA:11,(anonymous_44)
FNDA:1,(anonymous_45)
DA:1,1
DA:2,1
DA:13,8
DA:14,7
DA:15,7
DA:16,7
DA:17,7
DA:18,7
DA:20,7
DA:21,1
DA:23,7
DA:24,1
DA:26,7
DA:27,1
DA:29,7
DA:30,1
DA:35,7
DA:36,2
DA:37,2
DA:42,7
DA:44,4
DA:47,4
DA:50,4
DA:54,0
DA:60,13
DA:61,13
DA:63,13
DA:67,13
DA:69,0
DA:71,13
DA:76,7
DA:77,10
DA:79,10
DA:81,10
DA:82,10
DA:83,10
DA:90,0
DA:101,7
DA:102,13
DA:107,13
DA:111,13
DA:112,13
DA:113,1
DA:116,0
DA:118,12
DA:123,7
DA:124,11
DA:128,11
DA:135,7
DA:136,1
DA:138,2
DA:139,2
DA:140,2
DA:146,1
DA:148,1
LF:55
LH:51
BRDA:36,0,0,1
BRDA:71,1,0,13
BRDA:81,2,0,10
BRDA:81,2,1,0
BRDA:81,3,0,10
BRDA:81,3,1,10
BRDA:81,4,0,0
BRDA:81,4,1,10
BRDA:81,5,0,10
BRDA:81,5,1,10
BRDA:118,6,0,12
BRDA:112,7,0,1
BRDA:112,7,1,12
BRDA:112,8,0,0
BRDA:112,8,1,13
BRDA:112,9,0,13
BRDA:112,9,1,13
BRDA:142,10,0,1
BRDA:142,10,1,1
BRF:19
BRH:16
end_of_record
TN:
SF:src\models\types\types.ts
FN:32,(anonymous_0)
FN:46,(anonymous_1)
FNF:2
FNH:2
FNDA:5,(anonymous_0)
FNDA:5,(anonymous_1)
DA:32,5
DA:33,5
DA:34,5
DA:35,5
DA:36,5
DA:37,5
DA:40,5
DA:46,5
DA:47,5
DA:48,5
DA:49,5
LF:11
LH:11
BRDA:32,0,0,5
BRDA:32,0,1,5
BRDA:46,1,0,5
BRDA:46,1,1,5
BRF:4
BRH:4
end_of_record
TN:
SF:src\routes\accessories.ts
FN:7,(anonymous_1)
FN:17,(anonymous_2)
FNF:2
FNH:2
FNDA:4,(anonymous_1)
FNDA:6,(anonymous_2)
DA:1,5
DA:2,5
DA:3,5
DA:5,5
DA:7,5
DA:8,4
DA:9,4
DA:14,4
DA:18,6
DA:22,4
DA:27,4
DA:31,4
DA:37,5
LF:13
LH:13
BRDA:15,0,0,2
BRDA:15,0,1,2
BRF:2
BRH:2
end_of_record
TN:
SF:src\routes\jackets.ts
FN:7,(anonymous_1)
FN:19,(anonymous_2)
FNF:2
FNH:2
FNDA:4,(anonymous_1)
FNDA:6,(anonymous_2)
DA:1,5
DA:2,5
DA:3,5
DA:5,5
DA:7,5
DA:8,4
DA:9,4
DA:16,4
DA:20,6
DA:26,4
DA:33,4
DA:39,4
DA:45,5
LF:13
LH:13
BRDA:17,0,0,2
BRDA:17,0,1,2
BRF:2
BRH:2
end_of_record
TN:
SF:src\routes\shirts.ts
FN:7,(anonymous_1)
FN:19,(anonymous_2)
FNF:2
FNH:2
FNDA:4,(anonymous_1)
FNDA:6,(anonymous_2)
DA:1,5
DA:2,5
DA:3,5
DA:5,5
DA:7,5
DA:8,4
DA:9,4
DA:16,4
DA:20,6
DA:26,4
DA:33,4
DA:37,4
DA:43,5
LF:13
LH:13
BRDA:17,0,0,2
BRDA:17,0,1,2
BRF:2
BRH:2
end_of_record
TN:
SF:src\routes\common\itemIndexesFromPageNumber.ts
FN:3,(anonymous_0)
FNF:1
FNH:1
FNDA:13,(anonymous_0)
DA:3,5
DA:5,14
DA:7,13
DA:8,13
DA:10,13
LF:5
LH:5
BRDA:5,0,0,1
BRDA:5,0,1,12
BRF:2
BRH:2
end_of_record
