TN:
SF:index.ts
FN:17,(anonymous_1)
FN:18,(anonymous_2)
FN:22,(anonymous_3)
FN:29,(anonymous_4)
FNF:4
FNH:2
FNDA:5,(anonymous_1)
FNDA:0,(anonymous_2)
FNDA:5,(anonymous_3)
FNDA:0,(anonymous_4)
DA:1,5
DA:2,5
DA:3,5
DA:6,5
DA:8,5
DA:15,5
DA:18,5
DA:19,0
DA:22,5
DA:23,5
DA:26,5
DA:29,0
LF:12
LH:10
BRDA:6,0,0,5
BRDA:6,0,1,5
BRF:2
BRH:2
end_of_record
TN:
SF:src\app.ts
FNF:0
FNH:0
DA:1,5
DA:2,5
DA:3,5
DA:4,5
DA:6,5
DA:10,5
DA:11,5
DA:12,5
DA:14,5
LF:9
LH:9
BRF:0
BRH:0
end_of_record
TN:
SF:src\models\ProductDataFetcher.ts
FN:12,(anonymous_16)
FN:20,(anonymous_18)
FN:23,(anonymous_19)
FN:26,(anonymous_20)
FN:29,(anonymous_21)
FN:32,(anonymous_22)
FN:38,(anonymous_23)
FN:45,(anonymous_26)
FN:63,(anonymous_29)
FN:63,(anonymous_30)
FN:79,(anonymous_32)
FN:96,(anonymous_35)
FN:124,(anonymous_38)
FN:150,(anonymous_41)
FN:162,(anonymous_42)
FNF:15
FNH:15
FNDA:9,(anonymous_16)
FNDA:1,(anonymous_18)
FNDA:1,(anonymous_19)
FNDA:1,(anonymous_20)
FNDA:1,(anonymous_21)
FNDA:1,(anonymous_22)
FNDA:2,(anonymous_23)
FNDA:10,(anonymous_26)
FNDA:16,(anonymous_29)
FNDA:16,(anonymous_30)
FNDA:4,(anonymous_32)
FNDA:4,(anonymous_35)
FNDA:8,(anonymous_38)
FNDA:5,(anonymous_41)
FNDA:1,(anonymous_42)
DA:1,1
DA:2,1
DA:12,9
DA:13,8
DA:14,8
DA:15,8
DA:16,8
DA:17,8
DA:18,8
DA:20,8
DA:21,1
DA:23,8
DA:24,1
DA:26,8
DA:27,1
DA:29,8
DA:30,1
DA:32,8
DA:33,1
DA:38,8
DA:39,2
DA:40,2
DA:45,8
DA:47,5
DA:50,5
DA:53,5
DA:57,0
DA:63,16
DA:64,16
DA:66,16
DA:70,14
DA:72,2
DA:74,16
DA:79,8
DA:80,2
DA:81,2
DA:82,1
DA:84,2
DA:85,2
DA:86,2
DA:88,2
DA:89,2
DA:90,1
DA:96,8
DA:97,4
DA:99,10
DA:101,4
DA:103,4
DA:104,4
DA:105,4
DA:112,0
DA:124,8
DA:126,15
DA:131,8
DA:135,7
DA:136,7
DA:137,1
DA:140,1
DA:145,6
DA:150,8
DA:151,5
DA:155,5
DA:162,8
DA:163,1
DA:165,2
DA:166,2
DA:167,2
DA:173,1
DA:175,1
LF:69
LH:67
BRDA:39,0,0,1
BRDA:74,1,0,16
BRDA:81,2,0,1
BRDA:81,2,1,1
BRDA:85,3,0,2
BRDA:85,3,1,0
BRDA:89,4,0,1
BRDA:89,4,1,1
BRDA:97,5,0,2
BRDA:99,6,0,2
BRDA:99,6,1,4
BRDA:103,7,0,4
BRDA:103,7,1,0
BRDA:103,8,0,4
BRDA:103,8,1,4
BRDA:103,9,0,0
BRDA:103,9,1,4
BRDA:103,10,0,4
BRDA:103,10,1,4
BRDA:126,11,0,7
BRDA:126,11,1,1
BRDA:145,12,0,6
BRDA:136,13,0,1
BRDA:136,13,1,6
BRDA:136,14,0,7
BRDA:136,14,1,1
BRDA:136,15,0,0
BRDA:136,15,1,7
BRDA:136,16,0,7
BRDA:136,16,1,7
BRDA:169,17,0,1
BRDA:169,17,1,1
BRF:32
BRH:28
end_of_record
TN:
SF:src\models\types\types.ts
FN:36,(anonymous_0)
FNF:1
FNH:1
FNDA:5,(anonymous_0)
DA:30,5
DA:36,5
DA:37,5
DA:38,5
DA:39,5
LF:5
LH:5
BRDA:36,0,0,5
BRDA:36,0,1,5
BRF:2
BRH:2
end_of_record
TN:
SF:src\routes\accessories.ts
FN:7,(anonymous_1)
FN:17,(anonymous_2)
FNF:2
FNH:2
FNDA:4,(anonymous_1)
FNDA:6,(anonymous_2)
DA:1,5
DA:2,5
DA:3,5
DA:5,5
DA:7,5
DA:8,4
DA:9,4
DA:14,4
DA:18,6
DA:22,4
DA:27,4
DA:31,4
DA:37,5
LF:13
LH:13
BRDA:15,0,0,2
BRDA:15,0,1,2
BRF:2
BRH:2
end_of_record
TN:
SF:src\routes\jackets.ts
FN:7,(anonymous_1)
FN:19,(anonymous_2)
FNF:2
FNH:2
FNDA:4,(anonymous_1)
FNDA:6,(anonymous_2)
DA:1,5
DA:2,5
DA:3,5
DA:5,5
DA:7,5
DA:8,4
DA:9,4
DA:16,4
DA:20,6
DA:26,4
DA:33,4
DA:39,4
DA:45,5
LF:13
LH:13
BRDA:17,0,0,2
BRDA:17,0,1,2
BRF:2
BRH:2
end_of_record
TN:
SF:src\routes\shirts.ts
FN:7,(anonymous_1)
FN:19,(anonymous_2)
FNF:2
FNH:2
FNDA:4,(anonymous_1)
FNDA:6,(anonymous_2)
DA:1,5
DA:2,5
DA:3,5
DA:5,5
DA:7,5
DA:8,4
DA:9,4
DA:16,4
DA:20,6
DA:26,4
DA:33,4
DA:37,4
DA:43,5
LF:13
LH:13
BRDA:17,0,0,2
BRDA:17,0,1,2
BRF:2
BRH:2
end_of_record
TN:
SF:src\routes\common\itemIndexesFromPageNumber.ts
FN:3,(anonymous_0)
FNF:1
FNH:1
FNDA:13,(anonymous_0)
DA:3,5
DA:5,14
DA:7,13
DA:8,13
DA:10,13
LF:5
LH:5
BRDA:5,0,0,1
BRDA:5,0,1,12
BRF:2
BRH:2
end_of_record
